------------------------------------------------------------------------------------------------------------------------

[2023-09-27 02:42:27 #1 store] 
Database 'C:\Users\Vaza\IdeaProjects\KuehneBackendProject\db\p2.odb' is opened by 25468@DESKTOP-PSQTD6K

[2023-09-27 02:42:27 #2 store] 
Configuration path: ?

[2023-09-27 02:42:28 #3 type] 
Type Point is not enhanced.

[2023-09-27 02:42:28 #4 store] 
Database 'C:\Users\Vaza\IdeaProjects\KuehneBackendProject\db\p2.odb' is closed by 25468@DESKTOP-PSQTD6K

------------------------------------------------------------------------------------------------------------------------

[2023-09-27 02:46:22 #1 store] 
Database 'C:\Users\Vaza\IdeaProjects\KuehneBackendProject\db\p2.odb' is opened by 23848@DESKTOP-PSQTD6K

[2023-09-27 02:46:22 #2 store] 
Configuration path: ?

[2023-09-27 02:46:22 #3 type] 
Type Point is not enhanced.

[2023-09-27 02:46:23 #4 store] 
Database 'C:\Users\Vaza\IdeaProjects\KuehneBackendProject\db\p2.odb' is closed by 23848@DESKTOP-PSQTD6K

------------------------------------------------------------------------------------------------------------------------

[2023-09-27 21:21:19 #1 store] 
Database 'C:\Users\Vaza\IdeaProjects\KuehneBackendProject\db\p2.odb' is opened by 41124@DESKTOP-PSQTD6K

[2023-09-27 21:21:19 #2 store] 
Configuration path: ?

[2023-09-27 21:21:19 #3 type] 
Type Point is not enhanced.

------------------------------------------------------------------------------------------------------------------------

[2023-09-27 21:28:44 #1 store] 
Database 'C:\Users\Vaza\IdeaProjects\KuehneBackendProject\db\p2.odb' has been recovered (tr. 6-6)

[2023-09-27 21:28:45 #2 store] 
Database 'C:\Users\Vaza\IdeaProjects\KuehneBackendProject\db\p2.odb' is opened by 19624@DESKTOP-PSQTD6K

[2023-09-27 21:28:45 #3 store] 
Configuration path: ?

[2023-09-27 21:28:45 #4 type] 
Type Point is not enhanced.

------------------------------------------------------------------------------------------------------------------------

[2023-09-27 21:42:17 #1 store] 
Database 'C:\Users\Vaza\IdeaProjects\KuehneBackendProject\db\p2.odb' is opened by 41740@DESKTOP-PSQTD6K

[2023-09-27 21:42:17 #2 store] 
Configuration path: ?

[2023-09-27 21:42:17 #3 type] 
Type Point is not enhanced.

[2023-09-27 21:42:17 #4 type] 
Type quiz.Quiz is not enhanced.

------------------------------------------------------------------------------------------------------------------------

[2023-09-27 21:42:24 #1 store] 
Database 'C:\Users\Vaza\IdeaProjects\KuehneBackendProject\db\p2.odb' has been recovered (tr. 7-9)

[2023-09-27 21:42:24 #2 store] 
Database 'C:\Users\Vaza\IdeaProjects\KuehneBackendProject\db\p2.odb' is opened by 30620@DESKTOP-PSQTD6K

[2023-09-27 21:42:24 #3 store] 
Configuration path: ?

[2023-09-27 21:42:24 #4 type] 
Type Point is not enhanced.

[2023-09-27 21:42:24 #5 type] 
Type quiz.Quiz is not enhanced.

------------------------------------------------------------------------------------------------------------------------

[2023-09-27 21:48:38 #1 store] 
Database 'C:\Users\Vaza\IdeaProjects\KuehneBackendProject\db\p2.odb' is opened by 42204@DESKTOP-PSQTD6K

[2023-09-27 21:48:38 #2 store] 
Configuration path: ?

[2023-09-27 21:48:38 #3 type] 
Type Point is not enhanced.

[2023-09-27 21:48:38 #4 type] 
Type quiz.Quiz is not enhanced.

------------------------------------------------------------------------------------------------------------------------

[2023-09-27 21:50:56 #1 store] 
Database 'C:\Users\Vaza\IdeaProjects\KuehneBackendProject\db\p2.odb' is opened by 43040@DESKTOP-PSQTD6K

[2023-09-27 21:50:56 #2 store] 
Configuration path: ?

[2023-09-27 21:50:56 #3 type] 
Type Point is not enhanced.

[2023-09-27 21:50:56 #4 type] 
Type quiz.Quiz is not enhanced.

[2023-09-27 21:50:56 #5 type] 
Type quiz.Question is not enhanced.

[2023-09-27 21:50:56 #6 type] 
Type quiz.Response is not enhanced.

[2023-09-27 21:50:57 #7 store] 
Database 'C:\Users\Vaza\IdeaProjects\KuehneBackendProject\db\p2.odb' is closed by 43040@DESKTOP-PSQTD6K

------------------------------------------------------------------------------------------------------------------------

[2023-09-27 21:51:05 #1 store] 
Database 'C:\Users\Vaza\IdeaProjects\KuehneBackendProject\db\p2.odb' is opened by 43284@DESKTOP-PSQTD6K

[2023-09-27 21:51:05 #2 store] 
Configuration path: ?

[2023-09-27 21:51:05 #3 type] 
Type Point is not enhanced.

[2023-09-27 21:51:05 #4 type] 
Type quiz.Quiz is not enhanced.

[2023-09-27 21:51:05 #5 type] 
Type quiz.Question is not enhanced.

[2023-09-27 21:51:06 #6 type] 
Type quiz.Response is not enhanced.

[2023-09-27 21:51:06 #7 store] 
Database 'C:\Users\Vaza\IdeaProjects\KuehneBackendProject\db\p2.odb' is closed by 43284@DESKTOP-PSQTD6K

------------------------------------------------------------------------------------------------------------------------

[2023-09-27 21:54:17 #1 store] 
Database 'C:\Users\Vaza\IdeaProjects\KuehneBackendProject\db\p2.odb' is opened by 26752@DESKTOP-PSQTD6K

[2023-09-27 21:54:17 #2 store] 
Configuration path: ?

[2023-09-27 21:54:17 #3 type] 
Type Point is not enhanced.

[2023-09-27 21:54:17 #4 type] 
Type quiz.Quiz is not enhanced.

[2023-09-27 21:54:17 #5 type] 
Type quiz.Question is not enhanced.

[2023-09-27 21:54:17 #6 type] 
Type quiz.Response is not enhanced.

------------------------------------------------------------------------------------------------------------------------

[2023-09-27 21:55:05 #1 store] 
Database 'C:\Users\Vaza\IdeaProjects\KuehneBackendProject\db\p2.odb' has been recovered (tr. 13-13)

[2023-09-27 21:55:05 #2 store] 
Database 'C:\Users\Vaza\IdeaProjects\KuehneBackendProject\db\p2.odb' is opened by 43356@DESKTOP-PSQTD6K

[2023-09-27 21:55:05 #3 store] 
Configuration path: ?

[2023-09-27 21:55:05 #4 type] 
Type Point is not enhanced.

[2023-09-27 21:55:05 #5 type] 
Type quiz.Quiz is not enhanced.

[2023-09-27 21:55:05 #6 type] 
Type quiz.Question is not enhanced.

[2023-09-27 21:55:05 #7 type] 
Type quiz.Response is not enhanced.

------------------------------------------------------------------------------------------------------------------------

[2023-09-27 21:55:19 #1 store] 
Database 'C:\Users\Vaza\IdeaProjects\KuehneBackendProject\db\p2.odb' has been recovered (tr. 14-14)

[2023-09-27 21:55:19 #2 store] 
Database 'C:\Users\Vaza\IdeaProjects\KuehneBackendProject\db\p2.odb' is opened by 27980@DESKTOP-PSQTD6K

[2023-09-27 21:55:19 #3 store] 
Configuration path: ?

[2023-09-27 21:55:19 #4 type] 
Type Point is not enhanced.

[2023-09-27 21:55:19 #5 type] 
Type quiz.Quiz is not enhanced.

[2023-09-27 21:55:19 #6 type] 
Type quiz.Question is not enhanced.

[2023-09-27 21:55:19 #7 type] 
Type quiz.Response is not enhanced.

------------------------------------------------------------------------------------------------------------------------

[2023-09-27 21:55:35 #1 store] 
Database 'C:\Users\Vaza\IdeaProjects\KuehneBackendProject\db\p2.odb' has been recovered (tr. 15-15)

[2023-09-27 21:55:35 #2 store] 
Database 'C:\Users\Vaza\IdeaProjects\KuehneBackendProject\db\p2.odb' is opened by 37724@DESKTOP-PSQTD6K

[2023-09-27 21:55:35 #3 store] 
Configuration path: ?

[2023-09-27 21:55:36 #4 type] 
Type Point is not enhanced.

[2023-09-27 21:55:36 #5 type] 
Type quiz.Quiz is not enhanced.

[2023-09-27 21:55:36 #6 type] 
Type quiz.Question is not enhanced.

[2023-09-27 21:55:36 #7 type] 
Type quiz.Response is not enhanced.

------------------------------------------------------------------------------------------------------------------------

[2023-09-27 21:57:00 #1 store] 
Database 'C:\Users\Vaza\IdeaProjects\KuehneBackendProject\db\p2.odb' has been recovered (tr. 16-16)

[2023-09-27 21:57:00 #2 store] 
Database 'C:\Users\Vaza\IdeaProjects\KuehneBackendProject\db\p2.odb' is opened by 13456@DESKTOP-PSQTD6K

[2023-09-27 21:57:00 #3 store] 
Configuration path: ?

[2023-09-27 21:57:01 #4 type] 
Type Point is not enhanced.

[2023-09-27 21:57:01 #5 type] 
Type quiz.Quiz is not enhanced.

[2023-09-27 21:57:01 #6 type] 
Type quiz.Question is not enhanced.

[2023-09-27 21:57:01 #7 type] 
Type quiz.Response is not enhanced.

------------------------------------------------------------------------------------------------------------------------

[2023-09-27 21:57:51 #1 store] 
Database 'C:\Users\Vaza\IdeaProjects\KuehneBackendProject\db\p2.odb' has been recovered (tr. 17-17)

[2023-09-27 21:57:51 #2 store] 
Database 'C:\Users\Vaza\IdeaProjects\KuehneBackendProject\db\p2.odb' is opened by 38176@DESKTOP-PSQTD6K

[2023-09-27 21:57:51 #3 store] 
Configuration path: ?

[2023-09-27 21:57:51 #4 type] 
Type Point is not enhanced.

[2023-09-27 21:57:51 #5 type] 
Type quiz.Quiz is not enhanced.

[2023-09-27 21:57:51 #6 type] 
Type quiz.Question is not enhanced.

[2023-09-27 21:57:51 #7 type] 
Type quiz.Response is not enhanced.

------------------------------------------------------------------------------------------------------------------------

[2023-09-27 21:57:59 #1 store] 
Database 'C:\Users\Vaza\IdeaProjects\KuehneBackendProject\db\p2.odb' has been recovered (tr. 18-18)

[2023-09-27 21:57:59 #2 store] 
Database 'C:\Users\Vaza\IdeaProjects\KuehneBackendProject\db\p2.odb' is opened by 27432@DESKTOP-PSQTD6K

[2023-09-27 21:57:59 #3 store] 
Configuration path: ?

[2023-09-27 21:58:00 #4 type] 
Type Point is not enhanced.

[2023-09-27 21:58:00 #5 type] 
Type quiz.Quiz is not enhanced.

[2023-09-27 21:58:00 #6 type] 
Type quiz.Question is not enhanced.

[2023-09-27 21:58:00 #7 type] 
Type quiz.Response is not enhanced.

------------------------------------------------------------------------------------------------------------------------

[2023-09-27 21:58:14 #1 store] 
Database 'C:\Users\Vaza\IdeaProjects\KuehneBackendProject\db\p2.odb' has been recovered (tr. 19-19)

[2023-09-27 21:58:15 #2 store] 
Database 'C:\Users\Vaza\IdeaProjects\KuehneBackendProject\db\p2.odb' is opened by 43400@DESKTOP-PSQTD6K

[2023-09-27 21:58:15 #3 store] 
Configuration path: ?

[2023-09-27 21:58:15 #4 type] 
Type Point is not enhanced.

[2023-09-27 21:58:15 #5 type] 
Type quiz.Quiz is not enhanced.

[2023-09-27 21:58:15 #6 type] 
Type quiz.Question is not enhanced.

[2023-09-27 21:58:15 #7 type] 
Type quiz.Response is not enhanced.

------------------------------------------------------------------------------------------------------------------------

[2023-09-27 21:58:32 #1 store] 
Database 'C:\Users\Vaza\IdeaProjects\KuehneBackendProject\db\p2.odb' has been recovered (tr. 20-20)

[2023-09-27 21:58:32 #2 store] 
Database 'C:\Users\Vaza\IdeaProjects\KuehneBackendProject\db\p2.odb' is opened by 27920@DESKTOP-PSQTD6K

[2023-09-27 21:58:32 #3 store] 
Configuration path: ?

[2023-09-27 21:58:32 #4 type] 
Type Point is not enhanced.

[2023-09-27 21:58:32 #5 type] 
Type quiz.Quiz is not enhanced.

[2023-09-27 21:58:32 #6 type] 
Type quiz.Question is not enhanced.

[2023-09-27 21:58:32 #7 type] 
Type quiz.Response is not enhanced.

------------------------------------------------------------------------------------------------------------------------

[2023-09-27 21:59:13 #1 store] 
Database 'C:\Users\Vaza\IdeaProjects\KuehneBackendProject\db\p2.odb' has been recovered (tr. 21-21)

[2023-09-27 21:59:13 #2 store] 
Database 'C:\Users\Vaza\IdeaProjects\KuehneBackendProject\db\p2.odb' is opened by 42088@DESKTOP-PSQTD6K

[2023-09-27 21:59:13 #3 store] 
Configuration path: ?

[2023-09-27 21:59:13 #4 type] 
Type Point is not enhanced.

[2023-09-27 21:59:13 #5 type] 
Type quiz.Quiz is not enhanced.

[2023-09-27 21:59:13 #6 type] 
Type quiz.Question is not enhanced.

[2023-09-27 21:59:13 #7 type] 
Type quiz.Response is not enhanced.

------------------------------------------------------------------------------------------------------------------------

[2023-09-27 21:59:26 #1 store] 
Database 'C:\Users\Vaza\IdeaProjects\KuehneBackendProject\db\p2.odb' has been recovered (tr. 22-22)

[2023-09-27 21:59:26 #2 store] 
Database 'C:\Users\Vaza\IdeaProjects\KuehneBackendProject\db\p2.odb' is opened by 11796@DESKTOP-PSQTD6K

[2023-09-27 21:59:26 #3 store] 
Configuration path: ?

[2023-09-27 21:59:26 #4 type] 
Type Point is not enhanced.

[2023-09-27 21:59:26 #5 type] 
Type quiz.Quiz is not enhanced.

[2023-09-27 21:59:26 #6 type] 
Type quiz.Question is not enhanced.

[2023-09-27 21:59:26 #7 type] 
Type quiz.Response is not enhanced.

------------------------------------------------------------------------------------------------------------------------

[2023-09-27 21:59:29 #1 store] 
Database 'C:\Users\Vaza\IdeaProjects\KuehneBackendProject\db\p2.odb' has been recovered (tr. 23-23)

[2023-09-27 21:59:29 #2 store] 
Database 'C:\Users\Vaza\IdeaProjects\KuehneBackendProject\db\p2.odb' is opened by 42716@DESKTOP-PSQTD6K

[2023-09-27 21:59:29 #3 store] 
Configuration path: ?

[2023-09-27 21:59:29 #4 type] 
Type Point is not enhanced.

[2023-09-27 21:59:29 #5 type] 
Type quiz.Quiz is not enhanced.

[2023-09-27 21:59:29 #6 type] 
Type quiz.Question is not enhanced.

[2023-09-27 21:59:29 #7 type] 
Type quiz.Response is not enhanced.

------------------------------------------------------------------------------------------------------------------------

[2023-09-27 22:06:17 #1 store] 
Database 'C:\Users\Vaza\IdeaProjects\KuehneBackendProject\db\p2.odb' has been recovered (tr. 24-24)

[2023-09-27 22:06:17 #2 store] 
Database 'C:\Users\Vaza\IdeaProjects\KuehneBackendProject\db\p2.odb' is opened by 25920@DESKTOP-PSQTD6K

[2023-09-27 22:06:17 #3 store] 
Configuration path: ?

[2023-09-27 22:06:17 #4 type] 
Type Point is not enhanced.

[2023-09-27 22:06:17 #5 type] 
Type quiz.Quiz is not enhanced.

[2023-09-27 22:06:17 #6 type] 
Type quiz.Question is not enhanced.

[2023-09-27 22:06:17 #7 type] 
Type quiz.Response is not enhanced.

------------------------------------------------------------------------------------------------------------------------

[2023-09-27 22:06:39 #1 store] 
Database 'C:\Users\Vaza\IdeaProjects\KuehneBackendProject\db\p2.odb' has been recovered (tr. 25-25)

[2023-09-27 22:06:39 #2 store] 
Database 'C:\Users\Vaza\IdeaProjects\KuehneBackendProject\db\p2.odb' is opened by 41444@DESKTOP-PSQTD6K

[2023-09-27 22:06:39 #3 store] 
Configuration path: ?

[2023-09-27 22:06:39 #4 type] 
Type Point is not enhanced.

[2023-09-27 22:06:39 #5 type] 
Type quiz.Quiz is not enhanced.

[2023-09-27 22:06:39 #6 type] 
Type quiz.Question is not enhanced.

[2023-09-27 22:06:39 #7 type] 
Type quiz.Response is not enhanced.

[2023-09-27 22:06:39 #8 store] 
Database 'C:\Users\Vaza\IdeaProjects\KuehneBackendProject\db\p2.odb' is closed by 41444@DESKTOP-PSQTD6K

------------------------------------------------------------------------------------------------------------------------

[2023-09-27 22:07:08 #1 store] 
Database 'C:\Users\Vaza\IdeaProjects\KuehneBackendProject\db\p2.odb' is opened by 23772@DESKTOP-PSQTD6K

[2023-09-27 22:07:08 #2 store] 
Configuration path: ?

[2023-09-27 22:07:08 #3 type] 
Type Point is not enhanced.

[2023-09-27 22:07:08 #4 type] 
Type quiz.Quiz is not enhanced.

[2023-09-27 22:07:08 #5 type] 
Type quiz.Question is not enhanced.

[2023-09-27 22:07:08 #6 type] 
Type quiz.Response is not enhanced.

[2023-09-27 22:07:08 #7 store] 
Database 'C:\Users\Vaza\IdeaProjects\KuehneBackendProject\db\p2.odb' is closed by 23772@DESKTOP-PSQTD6K

------------------------------------------------------------------------------------------------------------------------

[2023-09-27 22:09:10 #1 store] 
Database 'C:\Users\Vaza\IdeaProjects\KuehneBackendProject\db\p2.odb' is opened by 30352@DESKTOP-PSQTD6K

[2023-09-27 22:09:10 #2 store] 
Configuration path: ?

[2023-09-27 22:09:10 #3 type] 
Type Point is not enhanced.

[2023-09-27 22:09:10 #4 type] 
Type quiz.Quiz is not enhanced.

[2023-09-27 22:09:10 #5 type] 
Type quiz.Question is not enhanced.

[2023-09-27 22:09:10 #6 type] 
Type quiz.Response is not enhanced.

[2023-09-27 22:09:10 #7 store] 
Database 'C:\Users\Vaza\IdeaProjects\KuehneBackendProject\db\p2.odb' is closed by 30352@DESKTOP-PSQTD6K

------------------------------------------------------------------------------------------------------------------------

[2023-09-27 22:10:26 #1 store] 
Database 'C:\Users\Vaza\IdeaProjects\KuehneBackendProject\db\p2.odb' is opened by 24220@DESKTOP-PSQTD6K

[2023-09-27 22:10:26 #2 store] 
Configuration path: ?

[2023-09-27 22:10:26 #3 type] 
Type Point is not enhanced.

[2023-09-27 22:10:26 #4 type] 
Type quiz.Quiz is not enhanced.

[2023-09-27 22:10:26 #5 type] 
Type quiz.Question is not enhanced.

[2023-09-27 22:10:26 #6 type] 
Type quiz.Response is not enhanced.

[2023-09-27 22:10:26 #7 store] 
Database 'C:\Users\Vaza\IdeaProjects\KuehneBackendProject\db\p2.odb' is closed by 24220@DESKTOP-PSQTD6K

------------------------------------------------------------------------------------------------------------------------

[2023-09-27 22:10:33 #1 store] 
Database 'C:\Users\Vaza\IdeaProjects\KuehneBackendProject\db\p2.odb' is opened by 5340@DESKTOP-PSQTD6K

[2023-09-27 22:10:33 #2 store] 
Configuration path: ?

[2023-09-27 22:10:33 #3 type] 
Type Point is not enhanced.

[2023-09-27 22:10:33 #4 type] 
Type quiz.Quiz is not enhanced.

[2023-09-27 22:10:33 #5 type] 
Type quiz.Question is not enhanced.

[2023-09-27 22:10:33 #6 type] 
Type quiz.Response is not enhanced.

------------------------------------------------------------------------------------------------------------------------

[2023-09-27 22:11:28 #1 store] 
Database 'C:\Users\Vaza\IdeaProjects\KuehneBackendProject\db\p2.odb' has been recovered (tr. 30-30)

[2023-09-27 22:11:28 #2 store] 
Database 'C:\Users\Vaza\IdeaProjects\KuehneBackendProject\db\p2.odb' is opened by 43376@DESKTOP-PSQTD6K

[2023-09-27 22:11:28 #3 store] 
Configuration path: ?

[2023-09-27 22:11:28 #4 type] 
Type Point is not enhanced.

[2023-09-27 22:11:28 #5 type] 
Type quiz.Quiz is not enhanced.

[2023-09-27 22:11:28 #6 type] 
Type quiz.Question is not enhanced.

[2023-09-27 22:11:28 #7 type] 
Type quiz.Response is not enhanced.

------------------------------------------------------------------------------------------------------------------------

[2023-09-27 22:12:05 #1 store] 
Database 'C:\Users\Vaza\IdeaProjects\KuehneBackendProject\db\p2.odb' has been recovered (tr. 31-31)

[2023-09-27 22:12:05 #2 store] 
Database 'C:\Users\Vaza\IdeaProjects\KuehneBackendProject\db\p2.odb' is opened by 31336@DESKTOP-PSQTD6K

[2023-09-27 22:12:05 #3 store] 
Configuration path: ?

[2023-09-27 22:12:05 #4 type] 
Type Point is not enhanced.

[2023-09-27 22:12:05 #5 type] 
Type quiz.Quiz is not enhanced.

[2023-09-27 22:12:05 #6 type] 
Type quiz.Question is not enhanced.

[2023-09-27 22:12:05 #7 type] 
Type quiz.Response is not enhanced.

